# JRE version: OpenJDK Runtime Environment Temurin-21.0.10+7 (21.0.10+7) (build 21.0.10+7-LTS)
# Java VM: OpenJDK 64-Bit Server VM Temurin-21.0.10+7 (21.0.10+7-LTS, mixed mode, sharing, tiered, compressed oops, compressed class ptrs, parallel gc, windows-amd64)
GC Precious Log:
 CardTable entry size: 512
 CPUs: 8 total, 8 available
 Memory: 7834M
 Large Page Support: Disabled
 NUMA Support: Disabled
 Compressed Oops: Enabled (32-bit)
 Alignments: Space 512K, Generation 512K, Heap 2M
 Heap Min Capacity: 100M
 Heap Initial Capacity: 100M
 Heap Max Capacity: 2G
 Pre-touch: Disabled
 Parallel Workers: 8
Heap:
 PSYoungGen      total 9216K, used 6370K [0x00000000d5580000, 0x00000000d6100000, 0x0000000100000000)
  eden space 6656K, 64% used [0x00000000d5580000,0x00000000d59b14f0,0x00000000d5c00000)
  from space 2560K, 81% used [0x00000000d5c00000,0x00000000d5e07640,0x00000000d5e80000)
  to   space 2560K, 0% used [0x00000000d5e80000,0x00000000d5e80000,0x00000000d6100000)
 ParOldGen       total 834560K, used 400791K [0x0000000080000000, 0x00000000b2f00000, 0x00000000d5580000)
  object space 834560K, 48% used [0x0000000080000000,0x0000000098765d98,0x00000000b2f00000)
 Metaspace       used 98013K, committed 99648K, reserved 1179648K
  class space    used 9943K, committed 10688K, reserved 1048576K
GC Heap History (20 events):
Event: 7083.491 GC heap before
{Heap before GC invocations=2502 (full 6):
 PSYoungGen      total 7680K, used 7469K [0x00000000d5580000, 0x00000000d6180000, 0x0000000100000000)
  eden space 6656K, 100% used [0x00000000d5580000,0x00000000d5c00000,0x00000000d5c00000)
  from space 1024K, 79% used [0x00000000d5c00000,0x00000000d5ccb650,0x00000000d5d00000)
  to   space 2560K, 0% used [0x00000000d5f00000,0x00000000d5f00000,0x00000000d6180000)
 ParOldGen       total 834560K, used 394989K [0x0000000080000000, 0x00000000b2f00000, 0x00000000d5580000)
  object space 834560K, 47% used [0x0000000080000000,0x00000000981bb6a0,0x00000000b2f00000)
 Metaspace       used 97973K, committed 99584K, reserved 1179648K
  class space    used 9943K, committed 10688K, reserved 1048576K
}
Event: 7083.494 GC heap after
{Heap after GC invocations=2502 (full 6):
 PSYoungGen      total 8192K, used 1053K [0x00000000d5580000, 0x00000000d6080000, 0x0000000100000000)
  eden space 6656K, 0% used [0x00000000d5580000,0x00000000d5580000,0x00000000d5c00000)
  from space 1536K, 68% used [0x00000000d5f00000,0x00000000d6007660,0x00000000d6080000)
  to   space 1536K, 0% used [0x00000000d5d80000,0x00000000d5d80000,0x00000000d5f00000)
 ParOldGen       total 834560K, used 395124K [0x0000000080000000, 0x00000000b2f00000, 0x00000000d5580000)
  object space 834560K, 47% used [0x0000000080000000,0x00000000981dd0b0,0x00000000b2f00000)
 Metaspace       used 97973K, committed 99584K, reserved 1179648K
  class space    used 9943K, committed 10688K, reserved 1048576K
}
Event: 7083.517 GC heap before
{Heap before GC invocations=2503 (full 6):
 PSYoungGen      total 8192K, used 7709K [0x00000000d5580000, 0x00000000d6080000, 0x0000000100000000)
  eden space 6656K, 100% used [0x00000000d5580000,0x00000000d5c00000,0x00000000d5c00000)
  from space 1536K, 68% used [0x00000000d5f00000,0x00000000d6007660,0x00000000d6080000)
  to   space 1536K, 0% used [0x00000000d5d80000,0x00000000d5d80000,0x00000000d5f00000)
 ParOldGen       total 834560K, used 395124K [0x0000000080000000, 0x00000000b2f00000, 0x00000000d5580000)
  object space 834560K, 47% used [0x0000000080000000,0x00000000981dd0b0,0x00000000b2f00000)
 Metaspace       used 97974K, committed 99584K, reserved 1179648K
  class space    used 9943K, committed 10688K, reserved 1048576K
}
Event: 7083.528 GC heap after
{Heap after GC invocations=2503 (full 6):
 PSYoungGen      total 8192K, used 1517K [0x00000000d5580000, 0x00000000d6300000, 0x0000000100000000)
  eden space 6656K, 0% used [0x00000000d5580000,0x00000000d5580000,0x00000000d5c00000)
  from space 1536K, 98% used [0x00000000d5d80000,0x00000000d5efb670,0x00000000d5f00000)
  to   space 3584K, 0% used [0x00000000d5f80000,0x00000000d5f80000,0x00000000d6300000)
 ParOldGen       total 834560K, used 396677K [0x0000000080000000, 0x00000000b2f00000, 0x00000000d5580000)
  object space 834560K, 47% used [0x0000000080000000,0x00000000983616a8,0x00000000b2f00000)
 Metaspace       used 97974K, committed 99584K, reserved 1179648K
  class space    used 9943K, committed 10688K, reserved 1048576K
}
Event: 7083.556 GC heap before
{Heap before GC invocations=2504 (full 6):
 PSYoungGen      total 8192K, used 8173K [0x00000000d5580000, 0x00000000d6300000, 0x0000000100000000)
  eden space 6656K, 100% used [0x00000000d5580000,0x00000000d5c00000,0x00000000d5c00000)
  from space 1536K, 98% used [0x00000000d5d80000,0x00000000d5efb670,0x00000000d5f00000)
  to   space 3584K, 0% used [0x00000000d5f80000,0x00000000d5f80000,0x00000000d6300000)
 ParOldGen       total 834560K, used 396677K [0x0000000080000000, 0x00000000b2f00000, 0x00000000d5580000)
  object space 834560K, 47% used [0x0000000080000000,0x00000000983616a8,0x00000000b2f00000)
 Metaspace       used 97974K, committed 99584K, reserved 1179648K
  class space    used 9943K, committed 10688K, reserved 1048576K
}
Event: 7083.560 GC heap after
{Heap after GC invocations=2504 (full 6):
 PSYoungGen      total 8192K, used 1213K [0x00000000d5580000, 0x00000000d6100000, 0x0000000100000000)
  eden space 6656K, 0% used [0x00000000d5580000,0x00000000d5580000,0x00000000d5c00000)
  from space 1536K, 79% used [0x00000000d5f80000,0x00000000d60af660,0x00000000d6100000)
  to   space 2048K, 0% used [0x00000000d5d00000,0x00000000d5d00000,0x00000000d5f00000)
 ParOldGen       total 834560K, used 397253K [0x0000000080000000, 0x00000000b2f00000, 0x00000000d5580000)
  object space 834560K, 47% used [0x0000000080000000,0x00000000983f16b8,0x00000000b2f00000)
 Metaspace       used 97974K, committed 99584K, reserved 1179648K
  class space    used 9943K, committed 10688K, reserved 1048576K
}
Event: 7083.590 GC heap before
{Heap before GC invocations=2505 (full 6):
 PSYoungGen      total 8192K, used 7869K [0x00000000d5580000, 0x00000000d6100000, 0x0000000100000000)
  eden space 6656K, 100% used [0x00000000d5580000,0x00000000d5c00000,0x00000000d5c00000)
  from space 1536K, 79% used [0x00000000d5f80000,0x00000000d60af660,0x00000000d6100000)
  to   space 2048K, 0% used [0x00000000d5d00000,0x00000000d5d00000,0x00000000d5f00000)
 ParOldGen       total 834560K, used 397253K [0x0000000080000000, 0x00000000b2f00000, 0x00000000d5580000)
  object space 834560K, 47% used [0x0000000080000000,0x00000000983f16b8,0x00000000b2f00000)
 Metaspace       used 97974K, committed 99584K, reserved 1179648K
  class space    used 9943K, committed 10688K, reserved 1048576K
}
Event: 7083.592 GC heap after
{Heap after GC invocations=2505 (full 6):
 PSYoungGen      total 8704K, used 192K [0x00000000d5580000, 0x00000000d6000000, 0x0000000100000000)
  eden space 6656K, 0% used [0x00000000d5580000,0x00000000d5580000,0x00000000d5c00000)
  from space 2048K, 9% used [0x00000000d5d00000,0x00000000d5d30000,0x00000000d5f00000)
  to   space 1024K, 0% used [0x00000000d5f00000,0x00000000d5f00000,0x00000000d6000000)
 ParOldGen       total 834560K, used 397269K [0x0000000080000000, 0x00000000b2f00000, 0x00000000d5580000)
  object space 834560K, 47% used [0x0000000080000000,0x00000000983f56b8,0x00000000b2f00000)
 Metaspace       used 97974K, committed 99584K, reserved 1179648K
  class space    used 9943K, committed 10688K, reserved 1048576K
}
Event: 7083.633 GC heap before
{Heap before GC invocations=2506 (full 6):
 PSYoungGen      total 8704K, used 6848K [0x00000000d5580000, 0x00000000d6000000, 0x0000000100000000)
  eden space 6656K, 100% used [0x00000000d5580000,0x00000000d5c00000,0x00000000d5c00000)
  from space 2048K, 9% used [0x00000000d5d00000,0x00000000d5d30000,0x00000000d5f00000)
  to   space 1024K, 0% used [0x00000000d5f00000,0x00000000d5f00000,0x00000000d6000000)
 ParOldGen       total 834560K, used 397269K [0x0000000080000000, 0x00000000b2f00000, 0x00000000d5580000)
  object space 834560K, 47% used [0x0000000080000000,0x00000000983f56b8,0x00000000b2f00000)
 Metaspace       used 97974K, committed 99584K, reserved 1179648K
  class space    used 9943K, committed 10688K, reserved 1048576K
}
Event: 7083.636 GC heap after
{Heap after GC invocations=2506 (full 6):
 PSYoungGen      total 7168K, used 317K [0x00000000d5580000, 0x00000000d5f80000, 0x0000000100000000)
  eden space 6656K, 0% used [0x00000000d5580000,0x00000000d5580000,0x00000000d5c00000)
  from space 512K, 62% used [0x00000000d5f00000,0x00000000d5f4f640,0x00000000d5f80000)
  to   space 512K, 0% used [0x00000000d5e80000,0x00000000d5e80000,0x00000000d5f00000)
 ParOldGen       total 834560K, used 397341K [0x0000000080000000, 0x00000000b2f00000, 0x00000000d5580000)
  object space 834560K, 47% used [0x0000000080000000,0x00000000984076b8,0x00000000b2f00000)
 Metaspace       used 97974K, committed 99584K, reserved 1179648K
  class space    used 9943K, committed 10688K, reserved 1048576K
}
Event: 7083.671 GC heap before
{Heap before GC invocations=2507 (full 6):
 PSYoungGen      total 7168K, used 6973K [0x00000000d5580000, 0x00000000d5f80000, 0x0000000100000000)
  eden space 6656K, 100% used [0x00000000d5580000,0x00000000d5c00000,0x00000000d5c00000)
  from space 512K, 62% used [0x00000000d5f00000,0x00000000d5f4f640,0x00000000d5f80000)
  to   space 512K, 0% used [0x00000000d5e80000,0x00000000d5e80000,0x00000000d5f00000)
 ParOldGen       total 834560K, used 397341K [0x0000000080000000, 0x00000000b2f00000, 0x00000000d5580000)
  object space 834560K, 47% used [0x0000000080000000,0x00000000984076b8,0x00000000b2f00000)
 Metaspace       used 97974K, committed 99584K, reserved 1179648K
  class space    used 9943K, committed 10688K, reserved 1048576K
}
Event: 7083.673 GC heap after
{Heap after GC invocations=2507 (full 6):
 PSYoungGen      total 7168K, used 379K [0x00000000d5580000, 0x00000000d5f80000, 0x0000000100000000)
  eden space 6656K, 0% used [0x00000000d5580000,0x00000000d5580000,0x00000000d5c00000)
  from space 512K, 74% used [0x00000000d5e80000,0x00000000d5edec80,0x00000000d5f00000)
  to   space 512K, 0% used [0x00000000d5f00000,0x00000000d5f00000,0x00000000d5f80000)
 ParOldGen       total 834560K, used 397405K [0x0000000080000000, 0x00000000b2f00000, 0x00000000d5580000)
  object space 834560K, 47% used [0x0000000080000000,0x00000000984176b8,0x00000000b2f00000)
 Metaspace       used 97974K, committed 99584K, reserved 1179648K
  class space    used 9943K, committed 10688K, reserved 1048576K
}
Event: 7083.710 GC heap before
{Heap before GC invocations=2508 (full 6):
 PSYoungGen      total 7168K, used 7035K [0x00000000d5580000, 0x00000000d5f80000, 0x0000000100000000)
  eden space 6656K, 100% used [0x00000000d5580000,0x00000000d5c00000,0x00000000d5c00000)
  from space 512K, 74% used [0x00000000d5e80000,0x00000000d5edec80,0x00000000d5f00000)
  to   space 512K, 0% used [0x00000000d5f00000,0x00000000d5f00000,0x00000000d5f80000)
 ParOldGen       total 834560K, used 397405K [0x0000000080000000, 0x00000000b2f00000, 0x00000000d5580000)
  object space 834560K, 47% used [0x0000000080000000,0x00000000984176b8,0x00000000b2f00000)
 Metaspace       used 97974K, committed 99584K, reserved 1179648K
  class space    used 9943K, committed 10688K, reserved 1048576K
}
Event: 7083.714 GC heap after
{Heap after GC invocations=2508 (full 6):
 PSYoungGen      total 7168K, used 224K [0x00000000d5580000, 0x00000000d5f80000, 0x0000000100000000)
  eden space 6656K, 0% used [0x00000000d5580000,0x00000000d5580000,0x00000000d5c00000)
  from space 512K, 43% used [0x00000000d5f00000,0x00000000d5f38000,0x00000000d5f80000)
  to   space 512K, 0% used [0x00000000d5e80000,0x00000000d5e80000,0x00000000d5f00000)
 ParOldGen       total 834560K, used 397619K [0x0000000080000000, 0x00000000b2f00000, 0x00000000d5580000)
  object space 834560K, 47% used [0x0000000080000000,0x000000009844cc08,0x00000000b2f00000)
 Metaspace       used 97974K, committed 99584K, reserved 1179648K
  class space    used 9943K, committed 10688K, reserved 1048576K
}
Event: 7091.023 GC heap before
{Heap before GC invocations=2509 (full 6):
 PSYoungGen      total 7168K, used 6880K [0x00000000d5580000, 0x00000000d5f80000, 0x0000000100000000)
  eden space 6656K, 100% used [0x00000000d5580000,0x00000000d5c00000,0x00000000d5c00000)
  from space 512K, 43% used [0x00000000d5f00000,0x00000000d5f38000,0x00000000d5f80000)
  to   space 512K, 0% used [0x00000000d5e80000,0x00000000d5e80000,0x00000000d5f00000)
 ParOldGen       total 834560K, used 397619K [0x0000000080000000, 0x00000000b2f00000, 0x00000000d5580000)
  object space 834560K, 47% used [0x0000000080000000,0x000000009844cc08,0x00000000b2f00000)
 Metaspace       used 97978K, committed 99584K, reserved 1179648K
  class space    used 9943K, committed 10688K, reserved 1048576K
}
Event: 7091.026 GC heap after
{Heap after GC invocations=2509 (full 6):
 PSYoungGen      total 7168K, used 509K [0x00000000d5580000, 0x00000000d5f80000, 0x0000000100000000)
  eden space 6656K, 0% used [0x00000000d5580000,0x00000000d5580000,0x00000000d5c00000)
  from space 512K, 99% used [0x00000000d5e80000,0x00000000d5eff660,0x00000000d5f00000)
  to   space 512K, 0% used [0x00000000d5f00000,0x00000000d5f00000,0x00000000d5f80000)
 ParOldGen       total 834560K, used 398051K [0x0000000080000000, 0x00000000b2f00000, 0x00000000d5580000)
  object space 834560K, 47% used [0x0000000080000000,0x00000000984b8c18,0x00000000b2f00000)
 Metaspace       used 97978K, committed 99584K, reserved 1179648K
  class space    used 9943K, committed 10688K, reserved 1048576K
}
Event: 7091.048 GC heap before
{Heap before GC invocations=2510 (full 6):
 PSYoungGen      total 7168K, used 7165K [0x00000000d5580000, 0x00000000d5f80000, 0x0000000100000000)
  eden space 6656K, 100% used [0x00000000d5580000,0x00000000d5c00000,0x00000000d5c00000)
  from space 512K, 99% used [0x00000000d5e80000,0x00000000d5eff660,0x00000000d5f00000)
  to   space 512K, 0% used [0x00000000d5f00000,0x00000000d5f00000,0x00000000d5f80000)
 ParOldGen       total 834560K, used 398051K [0x0000000080000000, 0x00000000b2f00000, 0x00000000d5580000)
  object space 834560K, 47% used [0x0000000080000000,0x00000000984b8c18,0x00000000b2f00000)
 Metaspace       used 97978K, committed 99584K, reserved 1179648K
  class space    used 9943K, committed 10688K, reserved 1048576K
}
Event: 7091.057 GC heap after
{Heap after GC invocations=2510 (full 6):
 PSYoungGen      total 7168K, used 512K [0x00000000d5580000, 0x00000000d6200000, 0x0000000100000000)
  eden space 6656K, 0% used [0x00000000d5580000,0x00000000d5580000,0x00000000d5c00000)
  from space 512K, 100% used [0x00000000d5f00000,0x00000000d5f80000,0x00000000d5f80000)
  to   space 3072K, 0% used [0x00000000d5c00000,0x00000000d5c00000,0x00000000d5f00000)
 ParOldGen       total 834560K, used 400239K [0x0000000080000000, 0x00000000b2f00000, 0x00000000d5580000)
  object space 834560K, 47% used [0x0000000080000000,0x00000000986dbd98,0x00000000b2f00000)
 Metaspace       used 97978K, committed 99584K, reserved 1179648K
  class space    used 9943K, committed 10688K, reserved 1048576K
}
Event: 7091.073 GC heap before
{Heap before GC invocations=2511 (full 6):
 PSYoungGen      total 7168K, used 7168K [0x00000000d5580000, 0x00000000d6200000, 0x0000000100000000)
  eden space 6656K, 100% used [0x00000000d5580000,0x00000000d5c00000,0x00000000d5c00000)
  from space 512K, 100% used [0x00000000d5f00000,0x00000000d5f80000,0x00000000d5f80000)
  to   space 3072K, 0% used [0x00000000d5c00000,0x00000000d5c00000,0x00000000d5f00000)
 ParOldGen       total 834560K, used 400239K [0x0000000080000000, 0x00000000b2f00000, 0x00000000d5580000)
  object space 834560K, 47% used [0x0000000080000000,0x00000000986dbd98,0x00000000b2f00000)
 Metaspace       used 97978K, committed 99584K, reserved 1179648K
  class space    used 9943K, committed 10688K, reserved 1048576K
}
Event: 7091.078 GC heap after
{Heap after GC invocations=2511 (full 6):
 PSYoungGen      total 9216K, used 2077K [0x00000000d5580000, 0x00000000d6100000, 0x0000000100000000)
  eden space 6656K, 0% used [0x00000000d5580000,0x00000000d5580000,0x00000000d5c00000)
  from space 2560K, 81% used [0x00000000d5c00000,0x00000000d5e07640,0x00000000d5e80000)
  to   space 2560K, 0% used [0x00000000d5e80000,0x00000000d5e80000,0x00000000d6100000)
 ParOldGen       total 834560K, used 400791K [0x0000000080000000, 0x00000000b2f00000, 0x00000000d5580000)
  object space 834560K, 48% used [0x0000000080000000,0x0000000098765d98,0x00000000b2f00000)
 Metaspace       used 97978K, committed 99584K, reserved 1179648K
  class space    used 9943K, committed 10688K, reserved 1048576K
}

